<?xml version="1.0" encoding="UTF-8"?>
<!-- Generated by org.testng.reporters.JUnitReportReporter -->
<testsuite hostname="DESKTOP-98FU1K6" failures="0" tests="4" name="api.test.UserTests" time="2.618" errors="0" timestamp="2024-02-13T01:16:59 CST" skipped="0">
  <testcase classname="api.test.UserTests" name="testPostUser" time="1.364"/>
  <testcase classname="api.test.UserTests" name="testGetUserByName" time="0.323"/>
  <testcase classname="api.test.UserTests" name="testUpdateUserByName" time="0.629"/>
  <testcase classname="api.test.UserTests" name="testDeleteUserByName" time="0.302"/>
</testsuite> <!-- api.test.UserTests -->
