<?xml version="1.0" encoding="UTF-8"?>
<!-- Generated by org.testng.reporters.JUnitReportReporter -->
<testsuite hostname="DESKTOP-98FU1K6" failures="0" tests="6" name="api.test.DDTests" time="3.195" errors="0" timestamp="2024-02-13T00:03:58 CST" skipped="0">
  <testcase classname="api.test.DDTests" name="testPostUser" time="0.333"/>
  <testcase classname="api.test.DDTests" name="testPostUser" time="0.332"/>
  <testcase classname="api.test.DDTests" name="testPostUser" time="1.541"/>
  <testcase classname="api.test.DDTests" name="testDeleteUserByName" time="0.311"/>
  <testcase classname="api.test.DDTests" name="testDeleteUserByName" time="0.356"/>
  <testcase classname="api.test.DDTests" name="testDeleteUserByName" time="0.322"/>
</testsuite> <!-- api.test.DDTests -->
