<?xml version="1.0" encoding="UTF-8"?>
<!-- Generated by org.testng.reporters.JUnitReportReporter -->
<testsuite hostname="DESKTOP-98FU1K6" failures="0" tests="4" name="api.test.UserTests2" time="2.717" errors="0" timestamp="2024-02-14T00:09:15 CST" skipped="0">
  <testcase classname="api.test.UserTests2" name="testPostUser" time="1.373"/>
  <testcase classname="api.test.UserTests2" name="testGetUserByName" time="0.347"/>
  <testcase classname="api.test.UserTests2" name="testUpdateUserByName" time="0.673"/>
  <testcase classname="api.test.UserTests2" name="testDeleteUserByName" time="0.324"/>
</testsuite> <!-- api.test.UserTests2 -->
