<?xml version="1.0" encoding="UTF-8"?>
<!-- Generated by org.testng.reporters.JUnitReportReporter -->
<testsuite hostname="DESKTOP-98FU1K6" failures="0" tests="4" name="api.test.UserTests" time="1.616" errors="0" timestamp="2024-02-14T00:19:56 CST" skipped="0">
  <testcase classname="api.test.UserTests" name="testPostUser" time="0.332"/>
  <testcase classname="api.test.UserTests" name="testGetUserByName" time="0.313"/>
  <testcase classname="api.test.UserTests" name="testUpdateUserByName" time="0.650"/>
  <testcase classname="api.test.UserTests" name="testDeleteUserByName" time="0.321"/>
</testsuite> <!-- api.test.UserTests -->
