<?xml version="1.0" encoding="UTF-8"?>
<!-- Generated by org.testng.reporters.JUnitReportReporter -->
<testsuite hostname="DESKTOP-98FU1K6" failures="0" tests="6" name="api.test.DDTests" time="3.110" errors="0" timestamp="2024-02-14T00:19:56 CST" skipped="0">
  <testcase classname="api.test.DDTests" name="testPostUser" time="0.325"/>
  <testcase classname="api.test.DDTests" name="testPostUser" time="1.460"/>
  <testcase classname="api.test.DDTests" name="testPostUser" time="0.329"/>
  <testcase classname="api.test.DDTests" name="testDeleteUserByName" time="0.326"/>
  <testcase classname="api.test.DDTests" name="testDeleteUserByName" time="0.323"/>
  <testcase classname="api.test.DDTests" name="testDeleteUserByName" time="0.347"/>
</testsuite> <!-- api.test.DDTests -->
